2020-07-20 23:23:20,273 - pyswarms.single.global_best - INFO - Optimize for 1000 iters with {'c1': 0.5, 'c2': 0.3, 'w': 0.9}
2020-07-20 23:23:22,046 - pyswarms.single.global_best - INFO - Optimization finished | best cost: 6.233665639241981e-44, best pos: [1.95234329e-22 1.55628446e-22]
2020-07-20 23:23:49,437 - pyswarms.single.global_best - INFO - Optimize for 1000 iters with {'c1': 0.5, 'c2': 0.3, 'w': 0.9}
2020-07-20 23:23:51,243 - pyswarms.single.global_best - INFO - Optimization finished | best cost: 4.102635486407541e-44, best pos: [-8.53676273e-23 -1.83681036e-22]
2020-07-20 23:27:40,785 - pyswarms.single.global_best - INFO - Optimize for 1000 iters with {'c1': 0.5, 'c2': 0.3, 'w': 0.9}
2020-07-20 23:27:42,647 - pyswarms.single.global_best - INFO - Optimization finished | best cost: 1.1086503250556371e-26, best pos: [1. 1.]
2020-07-20 23:31:25,066 - pyswarms.single.global_best - INFO - Optimize for 1000 iters with {'c1': 0.5, 'c2': 0.3, 'w': 0.9}
2020-07-20 23:31:48,919 - pyswarms.single.global_best - INFO - Optimize for 1000 iters with {'c1': 0.5, 'c2': 0.3, 'w': 0.9}
2020-07-20 23:32:25,912 - pyswarms.single.global_best - INFO - Optimize for 1000 iters with {'c1': 0.5, 'c2': 0.3, 'w': 0.9}
2020-07-20 23:32:27,725 - pyswarms.single.global_best - INFO - Optimization finished | best cost: 48.06390169153748, best pos: [3.74446155 5.83463018]
2020-07-20 23:34:09,895 - pyswarms.single.global_best - INFO - Optimize for 1000 iters with {'c1': 0.5, 'c2': 0.3, 'w': 0.9}
2020-07-20 23:34:11,720 - pyswarms.single.global_best - INFO - Optimization finished | best cost: 3.3494145409469213e-41, best pos: [4.54621828e-21 3.58134678e-21]
2020-07-20 23:36:50,777 - pyswarms.single.global_best - INFO - Optimize for 1000 iters with {'c1': 0.5, 'c2': 0.3, 'w': 0.9}
2020-07-20 23:36:52,573 - pyswarms.single.global_best - INFO - Optimization finished | best cost: 18.280397371480042, best pos: [3.04249693 3.00393239]
2020-07-20 23:37:10,994 - pyswarms.single.global_best - INFO - Optimize for 1000 iters with {'c1': 0.5, 'c2': 0.3, 'w': 0.9}
2020-07-20 23:37:12,785 - pyswarms.single.global_best - INFO - Optimization finished | best cost: 40.8665929480832, best pos: [5.64238876 3.00500283]
2020-07-20 23:39:26,148 - pyswarms.single.global_best - INFO - Optimize for 1000 iters with {'c1': 0.5, 'c2': 0.3, 'w': 0.9}
2020-07-20 23:39:28,078 - pyswarms.single.global_best - INFO - Optimization finished | best cost: 18.14263855487483, best pos: [3.00909166 3.01463198]
2020-07-20 23:39:34,991 - pyswarms.single.global_best - INFO - Optimize for 1000 iters with {'c1': 0.5, 'c2': 0.3, 'w': 0.9}
2020-07-20 23:39:36,879 - pyswarms.single.global_best - INFO - Optimization finished | best cost: 18.262617422194516, best pos: [3.02860404 3.0149917 ]
2020-07-20 23:40:21,987 - pyswarms.single.global_best - INFO - Optimize for 1000 iters with {'c1': 0.5, 'c2': 0.3, 'w': 0.9}
2020-07-20 23:40:23,991 - pyswarms.single.global_best - INFO - Optimization finished | best cost: 18.24251030296201, best pos: [3.00337091 3.03681963]
2020-07-20 23:41:11,865 - pyswarms.single.global_best - INFO - Optimize for 1000 iters with {'c1': 0.5, 'c2': 0.3, 'w': 0.9}
2020-07-20 23:41:13,924 - pyswarms.single.global_best - INFO - Optimization finished | best cost: 87.41377429052494, best pos: [3.95174997 7.10725519]
2020-07-20 23:41:53,267 - pyswarms.backend.generators - ERROR - Bounds and/or init_pos should be of size (4,)
Traceback (most recent call last):
  File "C:\Users\wenbi\Anaconda3\lib\site-packages\pyswarms\backend\generators.py", line 82, in generate_swarm
    low=min_bounds, high=max_bounds, size=(n_particles, dimensions)
  File "mtrand.pyx", line 1120, in numpy.random.mtrand.RandomState.uniform
  File "_common.pyx", line 541, in numpy.random._common.cont
  File "_common.pyx", line 458, in numpy.random._common.cont_broadcast_2
  File "__init__.pxd", line 749, in numpy.PyArray_MultiIterNew3
ValueError: shape mismatch: objects cannot be broadcast to a single shape
2020-07-20 23:42:03,962 - pyswarms.single.global_best - INFO - Optimize for 1000 iters with {'c1': 0.5, 'c2': 0.3, 'w': 0.9}
2020-07-20 23:42:05,901 - pyswarms.single.global_best - INFO - Optimization finished | best cost: 90.9114811215585, best pos: [3.20246331 5.84984535]
2020-07-21 10:54:37,576 - pyswarms.single.global_best - INFO - Optimize for 1000 iters with {'c1': 0.5, 'c2': 0.3, 'w': 0.9}
2020-07-21 10:54:39,532 - pyswarms.single.global_best - INFO - Optimization finished | best cost: 18.37804498847316, best pos: [3.0045051  3.05793952]
2020-07-21 11:11:52,061 - pyswarms.single.global_best - INFO - Optimize for 1000 iters with {'c1': 0.5, 'c2': 0.3, 'w': 0.9}
2020-07-21 11:11:54,093 - pyswarms.single.global_best - INFO - Optimization finished | best cost: 10.333045039452632, best pos: [1.0030002  3.05401959]
2020-07-21 11:12:21,214 - pyswarms.single.global_best - INFO - Optimize for 1000 iters with {'c1': 0.5, 'c2': 0.3, 'w': 0.9}
2020-07-21 11:12:23,222 - pyswarms.single.global_best - INFO - Optimization finished | best cost: 10.189694525145498, best pos: [1.08099199 3.00352307]
2020-07-21 11:12:54,755 - pyswarms.single.global_best - INFO - Optimize for 1000 iters with {'c1': 0.5, 'c2': 0.3, 'w': 0.9}
2020-07-21 11:13:13,149 - pyswarms.single.global_best - INFO - Optimize for 1000 iters with {'c1': 0.5, 'c2': 0.3, 'w': 0.9}
2020-07-21 11:13:15,270 - pyswarms.single.global_best - INFO - Optimization finished | best cost: 20.62292776108656, best pos: [1.09790541 3.01762615]
2020-07-21 11:13:34,121 - pyswarms.single.global_best - INFO - Optimize for 1000 iters with {'c1': 0.5, 'c2': 0.3, 'w': 0.9}
2020-07-21 11:13:36,096 - pyswarms.single.global_best - INFO - Optimization finished | best cost: 20.93409829754819, best pos: [1.19580802 3.0061757 ]
2020-07-21 11:51:58,850 - pyswarms.single.global_best - INFO - Optimize for 1000 iters with {'c1': 0.5, 'c2': 0.3, 'w': 0.9}
2020-07-21 11:52:00,856 - pyswarms.single.global_best - INFO - Optimization finished | best cost: 20.411660581634884, best pos: [1.03786661 3.02136777]
